# JRE version: OpenJDK Runtime Environment (11.0.13) (build 11.0.13+0-b1751.21-8125866)
# Java VM: OpenJDK 64-Bit Server VM (11.0.13+0-b1751.21-8125866, mixed mode, tiered, compressed oops, g1 gc, windows-amd64)
Heap:
 garbage-first heap   total 384000K, used 115430K [0x0000000080000000, 0x0000000100000000)
  region size 1024K, 2 young (2048K), 2 survivors (2048K)
 Metaspace       used 116938K, capacity 120343K, committed 120400K, reserved 1153024K
  class space    used 14839K, capacity 16206K, committed 16256K, reserved 1048576K
GC Heap History (20 events):
Event: 324.307 GC heap after
{Heap after GC invocations=27 (full 0):
 garbage-first heap   total 283648K, used 235008K [0x0000000080000000, 0x0000000100000000)
  region size 1024K, 3 young (3072K), 3 survivors (3072K)
 Metaspace       used 102712K, capacity 105520K, committed 105808K, reserved 1140736K
  class space    used 12785K, capacity 13861K, committed 13952K, reserved 1048576K
}
Event: 324.338 GC heap before
{Heap before GC invocations=27 (full 0):
 garbage-first heap   total 283648K, used 245248K [0x0000000080000000, 0x0000000100000000)
  region size 1024K, 13 young (13312K), 3 survivors (3072K)
 Metaspace       used 102525K, capacity 105217K, committed 105808K, reserved 1140736K
  class space    used 12727K, capacity 13757K, committed 13952K, reserved 1048576K
}
Event: 324.344 GC heap after
{Heap after GC invocations=28 (full 0):
 garbage-first heap   total 283648K, used 245760K [0x0000000080000000, 0x0000000100000000)
  region size 1024K, 2 young (2048K), 2 survivors (2048K)
 Metaspace       used 102525K, capacity 105217K, committed 105808K, reserved 1140736K
  class space    used 12727K, capacity 13757K, committed 13952K, reserved 1048576K
}
Event: 324.356 GC heap before
{Heap before GC invocations=28 (full 0):
 garbage-first heap   total 283648K, used 257024K [0x0000000080000000, 0x0000000100000000)
  region size 1024K, 13 young (13312K), 2 survivors (2048K)
 Metaspace       used 102525K, capacity 105217K, committed 105808K, reserved 1140736K
  class space    used 12727K, capacity 13757K, committed 13952K, reserved 1048576K
}
Event: 324.367 GC heap after
{Heap after GC invocations=29 (full 0):
 garbage-first heap   total 283648K, used 258048K [0x0000000080000000, 0x0000000100000000)
  region size 1024K, 2 young (2048K), 2 survivors (2048K)
 Metaspace       used 102525K, capacity 105217K, committed 105808K, reserved 1140736K
  class space    used 12727K, capacity 13757K, committed 13952K, reserved 1048576K
}
Event: 324.397 GC heap before
{Heap before GC invocations=29 (full 0):
 garbage-first heap   total 283648K, used 269312K [0x0000000080000000, 0x0000000100000000)
  region size 1024K, 13 young (13312K), 2 survivors (2048K)
 Metaspace       used 102525K, capacity 105217K, committed 105808K, reserved 1140736K
  class space    used 12727K, capacity 13757K, committed 13952K, reserved 1048576K
}
Event: 324.405 GC heap after
{Heap after GC invocations=30 (full 0):
 garbage-first heap   total 283648K, used 268288K [0x0000000080000000, 0x0000000100000000)
  region size 1024K, 2 young (2048K), 2 survivors (2048K)
 Metaspace       used 102525K, capacity 105217K, committed 105808K, reserved 1140736K
  class space    used 12727K, capacity 13757K, committed 13952K, reserved 1048576K
}
Event: 324.510 GC heap before
{Heap before GC invocations=30 (full 0):
 garbage-first heap   total 283648K, used 279552K [0x0000000080000000, 0x0000000100000000)
  region size 1024K, 13 young (13312K), 2 survivors (2048K)
 Metaspace       used 102814K, capacity 105442K, committed 105808K, reserved 1140736K
  class space    used 12758K, capacity 13764K, committed 13952K, reserved 1048576K
}
Event: 324.515 GC heap after
{Heap after GC invocations=31 (full 0):
 garbage-first heap   total 283648K, used 270137K [0x0000000080000000, 0x0000000100000000)
  region size 1024K, 1 young (1024K), 1 survivors (1024K)
 Metaspace       used 102814K, capacity 105442K, committed 105808K, reserved 1140736K
  class space    used 12758K, capacity 13764K, committed 13952K, reserved 1048576K
}
Event: 324.637 GC heap before
{Heap before GC invocations=32 (full 0):
 garbage-first heap   total 283648K, used 281401K [0x0000000080000000, 0x0000000100000000)
  region size 1024K, 13 young (13312K), 1 survivors (1024K)
 Metaspace       used 103759K, capacity 106440K, committed 106704K, reserved 1142784K
  class space    used 12870K, capacity 13905K, committed 14080K, reserved 1048576K
}
Event: 324.640 GC heap after
{Heap after GC invocations=33 (full 0):
 garbage-first heap   total 284672K, used 270839K [0x0000000080000000, 0x0000000100000000)
  region size 1024K, 2 young (2048K), 2 survivors (2048K)
 Metaspace       used 103759K, capacity 106440K, committed 106704K, reserved 1142784K
  class space    used 12870K, capacity 13905K, committed 14080K, reserved 1048576K
}
Event: 324.870 GC heap before
{Heap before GC invocations=33 (full 0):
 garbage-first heap   total 284672K, used 282103K [0x0000000080000000, 0x0000000100000000)
  region size 1024K, 13 young (13312K), 2 survivors (2048K)
 Metaspace       used 104202K, capacity 106838K, committed 107216K, reserved 1142784K
  class space    used 12893K, capacity 13910K, committed 14080K, reserved 1048576K
}
Event: 324.877 GC heap after
{Heap after GC invocations=34 (full 0):
 garbage-first heap   total 286720K, used 271175K [0x0000000080000000, 0x0000000100000000)
  region size 1024K, 2 young (2048K), 2 survivors (2048K)
 Metaspace       used 104202K, capacity 106838K, committed 107216K, reserved 1142784K
  class space    used 12893K, capacity 13910K, committed 14080K, reserved 1048576K
}
Event: 324.984 GC heap before
{Heap before GC invocations=34 (full 0):
 garbage-first heap   total 286720K, used 282439K [0x0000000080000000, 0x0000000100000000)
  region size 1024K, 14 young (14336K), 2 survivors (2048K)
 Metaspace       used 104402K, capacity 107034K, committed 107216K, reserved 1142784K
  class space    used 12931K, capacity 13971K, committed 14080K, reserved 1048576K
}
Event: 324.989 GC heap after
{Heap after GC invocations=35 (full 0):
 garbage-first heap   total 286720K, used 272129K [0x0000000080000000, 0x0000000100000000)
  region size 1024K, 1 young (1024K), 1 survivors (1024K)
 Metaspace       used 104402K, capacity 107034K, committed 107216K, reserved 1142784K
  class space    used 12931K, capacity 13971K, committed 14080K, reserved 1048576K
}
Event: 325.185 GC heap before
{Heap before GC invocations=35 (full 0):
 garbage-first heap   total 286720K, used 153345K [0x0000000080000000, 0x0000000100000000)
  region size 1024K, 14 young (14336K), 1 survivors (1024K)
 Metaspace       used 105188K, capacity 107851K, committed 107984K, reserved 1142784K
  class space    used 13045K, capacity 14061K, committed 14080K, reserved 1048576K
}
Event: 325.188 GC heap after
{Heap after GC invocations=36 (full 0):
 garbage-first heap   total 286720K, used 141538K [0x0000000080000000, 0x0000000100000000)
  region size 1024K, 2 young (2048K), 2 survivors (2048K)
 Metaspace       used 105188K, capacity 107851K, committed 107984K, reserved 1142784K
  class space    used 13045K, capacity 14061K, committed 14080K, reserved 1048576K
}
Event: 325.975 GC heap before
{Heap before GC invocations=37 (full 0):
 garbage-first heap   total 286720K, used 198882K [0x0000000080000000, 0x0000000100000000)
  region size 1024K, 59 young (60416K), 2 survivors (2048K)
 Metaspace       used 116045K, capacity 119475K, committed 119760K, reserved 1153024K
  class space    used 14657K, capacity 16025K, committed 16128K, reserved 1048576K
}
Event: 325.981 GC heap after
{Heap after GC invocations=38 (full 0):
 garbage-first heap   total 286720K, used 143202K [0x0000000080000000, 0x0000000100000000)
  region size 1024K, 3 young (3072K), 3 survivors (3072K)
 Metaspace       used 116045K, capacity 119475K, committed 119760K, reserved 1153024K
  class space    used 14657K, capacity 16025K, committed 16128K, reserved 1048576K
}
Event: 326.112 GC heap before
{Heap before GC invocations=38 (full 0):
 garbage-first heap   total 286720K, used 154466K [0x0000000080000000, 0x0000000100000000)
  region size 1024K, 14 young (14336K), 3 survivors (3072K)
 Metaspace       used 116938K, capacity 120343K, committed 120400K, reserved 1153024K
  class space    used 14839K, capacity 16206K, committed 16256K, reserved 1048576K
}

